[main 2cf9cdc] Update IP log
 1 file changed, 2 insertions(+)
To github.com:surajbartoula/iplog.git
   dc35b33..2cf9cdc  main -> main
[main 817fccc] Update IP log
 1 file changed, 2 insertions(+)
To github.com:surajbartoula/iplog.git
   34db7a1..817fccc  main -> main
[main 6c8482b] Update IP log
 2 files changed, 6 insertions(+)
To github.com:surajbartoula/iplog.git
   817fccc..6c8482b  main -> main
[main 55e6afa] Update IP log
 2 files changed, 5 insertions(+)
To github.com:surajbartoula/iplog.git
   6c8482b..55e6afa  main -> main
[main b3a4bd4] Update IP log
 2 files changed, 7 insertions(+)
To github.com:surajbartoula/iplog.git
   55e6afa..b3a4bd4  main -> main
[main 7bfece7] Update IP log
 2 files changed, 5 insertions(+)
To github.com:surajbartoula/iplog.git
   b3a4bd4..7bfece7  main -> main
[main 202b56a] Update IP log
 2 files changed, 7 insertions(+)
To github.com:surajbartoula/iplog.git
   7bfece7..202b56a  main -> main
[main 8fba915] Update IP log
 2 files changed, 5 insertions(+)
To github.com:surajbartoula/iplog.git
   202b56a..8fba915  main -> main
[main 93e25e5] Update IP log
 2 files changed, 7 insertions(+)
To github.com:surajbartoula/iplog.git
   8fba915..93e25e5  main -> main
